{
  "RSpec": {
    "coverage": {
      "/Users/Sasquatch/challenges/sc_7_practice/app/models/user.rb": [
        1,
        null,
        null,
        1,
        null,
        null
      ],
      "/Users/Sasquatch/challenges/sc_7_practice/app/models/manufacturer.rb": [
        1,
        1,
        null,
        1,
        1,
        null,
        null
      ],
      "/Users/Sasquatch/challenges/sc_7_practice/app/models/phone.rb": [
        1,
        1,
        null,
        1,
        1,
        1,
        1,
        null
      ],
      "/Users/Sasquatch/challenges/sc_7_practice/app/controllers/application_controller.rb": [
        1,
        null,
        null,
        1,
        null
      ],
      "/Users/Sasquatch/challenges/sc_7_practice/app/controllers/homes_controller.rb": [
        1,
        1,
        null,
        null
      ],
      "/Users/Sasquatch/challenges/sc_7_practice/app/controllers/manufacturers_controller.rb": [
        1,
        1,
        1,
        null,
        null,
        1,
        4,
        null,
        null,
        1,
        4,
        4,
        1,
        1,
        null,
        3,
        3,
        null,
        null,
        null,
        1,
        null,
        1,
        4,
        null,
        null
      ],
      "/Users/Sasquatch/challenges/sc_7_practice/app/controllers/phones_controller.rb": [
        1,
        1,
        2,
        null,
        null,
        1,
        3,
        null,
        null,
        1,
        3,
        3,
        2,
        2,
        null,
        1,
        1,
        null,
        null,
        null,
        1,
        null,
        1,
        3,
        null,
        null
      ]
    },
    "timestamp": 1443150537
  }
}
